  Draw.cpp
Draw.cpp(20): warning C4244: 'return': conversion from 'double' to 'float', possible loss of data
Draw.cpp(135): warning C4244: 'argument': conversion from 'int' to 'float', possible loss of data
Draw.cpp(136): warning C4244: 'argument': conversion from 'int' to 'float', possible loss of data
Draw.cpp(139): warning C4244: 'argument': conversion from 'double' to 'int', possible loss of data
Draw.cpp(140): warning C4244: 'argument': conversion from 'double' to 'int', possible loss of data
Draw.cpp(141): warning C4244: 'argument': conversion from 'double' to 'int', possible loss of data
Draw.cpp(142): warning C4244: 'argument': conversion from 'double' to 'int', possible loss of data
Draw.cpp(143): warning C4244: 'argument': conversion from 'double' to 'int', possible loss of data
Draw.cpp(144): warning C4244: 'argument': conversion from 'double' to 'int', possible loss of data
Draw.cpp(146): warning C4018: '<': signed/unsigned mismatch
Draw.cpp(204): warning C4244: 'argument': conversion from 'double' to 'float', possible loss of data
Draw.cpp(204): warning C4244: 'argument': conversion from 'int' to 'float', possible loss of data
Draw.cpp(208): warning C4244: 'argument': conversion from 'double' to 'int', possible loss of data
Draw.cpp(213): warning C4996: 'strcat': This function or variable may be unsafe. Consider using strcat_s instead. To disable deprecation, use _CRT_SECURE_NO_WARNINGS. See online help for details.
  C:\Program Files (x86)\Windows Kits\10\Include\10.0.10240.0\ucrt\string.h(90): note: see declaration of 'strcat'
Draw.cpp(213): warning C4244: 'argument': conversion from 'double' to 'int', possible loss of data
  Generating code
  1 of 163 functions ( 0.6%) were compiled, the rest were copied from previous compilation.
    0 functions were new in current compilation
    1 functions had inline decision re-evaluated but remain unchanged
  Finished generating code
  cod4mw-esp.vcxproj -> C:\Users\Dante\Documents\asd\CHEATS\COD4MW\cod4mw-esp\Release\cod4mw-esp.exe
  cod4mw-esp.vcxproj -> C:\Users\Dante\Documents\asd\CHEATS\COD4MW\cod4mw-esp\Release\cod4mw-esp.pdb (Full PDB)
